<?xml version="1.0" encoding="UTF-8"?>
<testsuite name="ru.netology.CommentServiceTest" tests="9" skipped="0" failures="0" errors="0" timestamp="2021-06-02T15:45:23" hostname="NARUTO" time="0.609">
  <properties/>
  <testcase name="TrueGetComment" classname="ru.netology.CommentServiceTest" time="0.571"/>
  <testcase name="deleteCommentNote" classname="ru.netology.CommentServiceTest" time="0.001"/>
  <testcase name="deleteCommentFromNonExistentNote_Exception" classname="ru.netology.CommentServiceTest" time="0.003"/>
  <testcase name="createCommentNote" classname="ru.netology.CommentServiceTest" time="0.008"/>
  <testcase name="TrueRestoreComment" classname="ru.netology.CommentServiceTest" time="0.014"/>
  <testcase name="NoEditComment" classname="ru.netology.CommentServiceTest" time="0.002"/>
  <testcase name="YesEditComment" classname="ru.netology.CommentServiceTest" time="0.001"/>
  <testcase name="CommentThrow" classname="ru.netology.CommentServiceTest" time="0.0"/>
  <testcase name="FalseRestoreComment" classname="ru.netology.CommentServiceTest" time="0.001"/>
  <system-out><![CDATA[]]></system-out>
  <system-err><![CDATA[]]></system-err>
</testsuite>
