<?xml version="1.0" encoding="UTF-8"?>
<testsuite name="ru.netology.NoteServiceTest" tests="9" skipped="0" failures="0" errors="0" timestamp="2021-05-30T22:14:02" hostname="NARUTO" time="0.024">
  <properties/>
  <testcase name="FalseEditNote" classname="ru.netology.NoteServiceTest" time="0.001"/>
  <testcase name="addNote" classname="ru.netology.NoteServiceTest" time="0.005"/>
  <testcase name="TrueGetById" classname="ru.netology.NoteServiceTest" time="0.001"/>
  <testcase name="FalseDeleteNote" classname="ru.netology.NoteServiceTest" time="0.0"/>
  <testcase name="deleteThrowNote" classname="ru.netology.NoteServiceTest" time="0.001"/>
  <testcase name="shouldThrow" classname="ru.netology.NoteServiceTest" time="0.001"/>
  <testcase name="getNote" classname="ru.netology.NoteServiceTest" time="0.002"/>
  <testcase name="TruedeleteNote" classname="ru.netology.NoteServiceTest" time="0.007"/>
  <testcase name="TrueEditNote" classname="ru.netology.NoteServiceTest" time="0.001"/>
  <system-out><![CDATA[]]></system-out>
  <system-err><![CDATA[]]></system-err>
</testsuite>
